#
# There is insufficient memory for the Java Runtime Environment to continue.
# Native memory allocation (malloc) failed to allocate 1144016 bytes. Error detail: Chunk::new
# Possible reasons:
#   The system is out of physical RAM or swap space
#   This process is running with CompressedOops enabled, and the Java Heap may be blocking the growth of the native heap
# Possible solutions:
#   Reduce memory load on the system
#   Increase physical memory or swap space
#   Check if swap backing store is full
#   Decrease Java heap size (-Xmx/-Xms)
#   Decrease number of Java threads
#   Decrease Java thread stack sizes (-Xss)
#   Set larger code cache with -XX:ReservedCodeCacheSize=
#   JVM is running with Unscaled Compressed Oops mode in which the Java heap is
#     placed in the first 4GB address space. The Java Heap base address is the
#     maximum limit for the native heap growth. Please use -XX:HeapBaseMinAddress
#     to set the Java Heap base and to place the Java Heap above 4GB virtual address.
# This output file may be truncated or incomplete.
#
#  Out of Memory Error (arena.cpp:168), pid=5880, tid=25616
#
# JRE version: OpenJDK Runtime Environment Temurin-21.0.7+6 (21.0.7+6) (build 21.0.7+6-LTS)
# Java VM: OpenJDK 64-Bit Server VM Temurin-21.0.7+6 (21.0.7+6-LTS, mixed mode, sharing, tiered, compressed oops, compressed class ptrs, parallel gc, windows-amd64)
# No core dump will be written. Minidumps are not enabled by default on client versions of Windows
#

---------------  S U M M A R Y ------------

Command Line: --add-modules=ALL-SYSTEM --add-opens=java.base/java.util=ALL-UNNAMED --add-opens=java.base/java.lang=ALL-UNNAMED --add-opens=java.base/sun.nio.fs=ALL-UNNAMED -Declipse.application=org.eclipse.jdt.ls.core.id1 -Dosgi.bundles.defaultStartLevel=4 -Declipse.product=org.eclipse.jdt.ls.core.product -Djava.import.generatesMetadataFilesAtProjectRoot=false -DDetectVMInstallationsJob.disabled=true -Dfile.encoding=utf8 -XX:+UseParallelGC -XX:GCTimeRatio=4 -XX:AdaptiveSizePolicyWeight=90 -Dsun.zip.disableMemoryMapping=true -Xmx1G -Xms100m -Xlog:disable -javaagent:c:\Users\97798\.vscode\extensions\redhat.java-1.42.0-win32-x64\lombok\lombok-1.18.36.jar -XX:+HeapDumpOnOutOfMemoryError -XX:HeapDumpPath=c:\Users\97798\AppData\Roaming\Code\User\workspaceStorage\8c12a243f1738ada56549514a20a05f8\redhat.java -Daether.dependencyCollector.impl=bf c:\Users\97798\.vscode\extensions\redhat.java-1.42.0-win32-x64\server\plugins\org.eclipse.equinox.launcher_1.7.0.v20250424-1814.jar -configuration c:\Users\97798\AppData\Roaming\Code\User\globalStorage\redhat.java\1.42.0\config_win -data c:\Users\97798\AppData\Roaming\Code\User\workspaceStorage\8c12a243f1738ada56549514a20a05f8\redhat.java\jdt_ws --pipe=\\.\pipe\lsp-60ace1b15cfafe94b04aac30a71bcf98-sock

Host: Intel(R) Core(TM) i5-10300H CPU @ 2.50GHz, 8 cores, 7G,  Windows 11 , 64 bit Build 26100 (10.0.26100.4202)
Time: Mon Jun  2 13:03:44 2025 Nepal Standard Time elapsed time: 12.282919 seconds (0d 0h 0m 12s)

---------------  T H R E A D  ---------------

Current thread (0x000001f55d533f30):  JavaThread "C2 CompilerThread2" daemon [_thread_in_native, id=25616, stack(0x000000c2aeb00000,0x000000c2aec00000) (1024K)]


Current CompileTask:
C2:12283 4738       4       org.eclipse.osgi.internal.serviceregistry.ServiceRegistry::notifyHooksPrivileged (57 bytes)

Stack: [0x000000c2aeb00000,0x000000c2aec00000]
Native frames: (J=compiled Java code, j=interpreted, Vv=VM code, C=native code)
V  [jvm.dll+0x6ce119]
V  [jvm.dll+0x8a84a1]
V  [jvm.dll+0x8aa9ce]
V  [jvm.dll+0x8ab0b3]
V  [jvm.dll+0x27f8a6]
V  [jvm.dll+0xc507d]
V  [jvm.dll+0xc55b3]
V  [jvm.dll+0x3b692c]
V  [jvm.dll+0x382aa5]
V  [jvm.dll+0x381f0a]
V  [jvm.dll+0x247af0]
V  [jvm.dll+0x2470cf]
V  [jvm.dll+0x1c760e]
V  [jvm.dll+0x25695a]
V  [jvm.dll+0x254efa]
V  [jvm.dll+0x3f03f6]
V  [jvm.dll+0x851f6b]
V  [jvm.dll+0x6cc7dd]
C  [ucrtbase.dll+0x37b0]
C  [KERNEL32.DLL+0x2e8d7]
C  [ntdll.dll+0x3c34c]


---------------  P R O C E S S  ---------------

Threads class SMR info:
_java_thread_list=0x000001f55f0a38b0, length=41, elements={
0x000001f57fc2e090, 0x000001f515c6e520, 0x000001f515c70950, 0x000001f515c744b0,
0x000001f515c75100, 0x000001f515c75d50, 0x000001f515c787b0, 0x000001f515c795e0,
0x000001f515c9e5a0, 0x000001f57fc989c0, 0x000001f558952020, 0x000001f55d536810,
0x000001f55d79ffd0, 0x000001f55d668470, 0x000001f55d5c92f0, 0x000001f55d5ca1e0,
0x000001f55dd5f420, 0x000001f55da3f330, 0x000001f55df050d0, 0x000001f55df03d20,
0x000001f55df06b10, 0x000001f55df05df0, 0x000001f55df043b0, 0x000001f55d533f30,
0x000001f55df04a40, 0x000001f55df06480, 0x000001f55df03690, 0x000001f55df05760,
0x000001f55fd81c90, 0x000001f55fd808e0, 0x000001f55fd81600, 0x000001f55fd82320,
0x000001f55fd829b0, 0x000001f55fd83040, 0x000001f55fd836d0, 0x000001f55fd83d60,
0x000001f55fd843f0, 0x000001f55fd80f70, 0x000001f55fd871e0, 0x000001f55fd87f00,
0x000001f55fd85e30
}

Java Threads: ( => current thread )
  0x000001f57fc2e090 JavaThread "main"                              [_thread_blocked, id=16612, stack(0x000000c2ac900000,0x000000c2aca00000) (1024K)]
  0x000001f515c6e520 JavaThread "Reference Handler"          daemon [_thread_blocked, id=2780, stack(0x000000c2acd00000,0x000000c2ace00000) (1024K)]
  0x000001f515c70950 JavaThread "Finalizer"                  daemon [_thread_blocked, id=14864, stack(0x000000c2ace00000,0x000000c2acf00000) (1024K)]
  0x000001f515c744b0 JavaThread "Signal Dispatcher"          daemon [_thread_blocked, id=1584, stack(0x000000c2acf00000,0x000000c2ad000000) (1024K)]
  0x000001f515c75100 JavaThread "Attach Listener"            daemon [_thread_blocked, id=7936, stack(0x000000c2ad000000,0x000000c2ad100000) (1024K)]
  0x000001f515c75d50 JavaThread "Service Thread"             daemon [_thread_blocked, id=19484, stack(0x000000c2ad100000,0x000000c2ad200000) (1024K)]
  0x000001f515c787b0 JavaThread "Monitor Deflation Thread"   daemon [_thread_blocked, id=4468, stack(0x000000c2ad200000,0x000000c2ad300000) (1024K)]
  0x000001f515c795e0 JavaThread "C2 CompilerThread0"         daemon [_thread_in_native, id=26456, stack(0x000000c2ad300000,0x000000c2ad400000) (1024K)]
  0x000001f515c9e5a0 JavaThread "C1 CompilerThread0"         daemon [_thread_blocked, id=14876, stack(0x000000c2ad400000,0x000000c2ad500000) (1024K)]
  0x000001f57fc989c0 JavaThread "Common-Cleaner"             daemon [_thread_blocked, id=25364, stack(0x000000c2ad500000,0x000000c2ad600000) (1024K)]
  0x000001f558952020 JavaThread "Notification Thread"        daemon [_thread_blocked, id=8248, stack(0x000000c2ad600000,0x000000c2ad700000) (1024K)]
  0x000001f55d536810 JavaThread "C2 CompilerThread1"         daemon [_thread_in_native, id=20456, stack(0x000000c2ad700000,0x000000c2ad800000) (1024K)]
  0x000001f55d79ffd0 JavaThread "Active Thread: Equinox Container: 6f5f8608-20e4-4a1c-b376-629de6b2cd87"        [_thread_blocked, id=7696, stack(0x000000c2ade00000,0x000000c2adf00000) (1024K)]
  0x000001f55d668470 JavaThread "Refresh Thread: Equinox Container: 6f5f8608-20e4-4a1c-b376-629de6b2cd87" daemon [_thread_blocked, id=15928, stack(0x000000c2adf00000,0x000000c2ae000000) (1024K)]
  0x000001f55d5c92f0 JavaThread "Framework Event Dispatcher: Equinox Container: 6f5f8608-20e4-4a1c-b376-629de6b2cd87" daemon [_thread_blocked, id=17840, stack(0x000000c2ae100000,0x000000c2ae200000) (1024K)]
  0x000001f55d5ca1e0 JavaThread "Start Level: Equinox Container: 6f5f8608-20e4-4a1c-b376-629de6b2cd87" daemon [_thread_blocked, id=23132, stack(0x000000c2ae200000,0x000000c2ae300000) (1024K)]
  0x000001f55dd5f420 JavaThread "Bundle File Closer"         daemon [_thread_blocked, id=23932, stack(0x000000c2ae400000,0x000000c2ae500000) (1024K)]
  0x000001f55da3f330 JavaThread "SCR Component Actor"        daemon [_thread_blocked, id=22160, stack(0x000000c2ae500000,0x000000c2ae600000) (1024K)]
  0x000001f55df050d0 JavaThread "Worker-JM"                         [_thread_blocked, id=18152, stack(0x000000c2ae700000,0x000000c2ae800000) (1024K)]
  0x000001f55df03d20 JavaThread "JNA Cleaner"                daemon [_thread_blocked, id=23048, stack(0x000000c2ae300000,0x000000c2ae400000) (1024K)]
  0x000001f55df06b10 JavaThread "Worker-0: Loading available Gradle versions"        [_thread_in_Java, id=11812, stack(0x000000c2ae800000,0x000000c2ae900000) (1024K)]
  0x000001f55df05df0 JavaThread "Worker-1: Initialize After Load"        [_thread_blocked, id=6196, stack(0x000000c2ae900000,0x000000c2aea00000) (1024K)]
  0x000001f55df043b0 JavaThread "Java indexing"              daemon [_thread_blocked, id=14588, stack(0x000000c2aea00000,0x000000c2aeb00000) (1024K)]
=>0x000001f55d533f30 JavaThread "C2 CompilerThread2"         daemon [_thread_in_native, id=25616, stack(0x000000c2aeb00000,0x000000c2aec00000) (1024K)]
  0x000001f55df04a40 JavaThread "Worker-2"                          [_thread_blocked, id=21716, stack(0x000000c2aee00000,0x000000c2aef00000) (1024K)]
  0x000001f55df06480 JavaThread "Worker-3: Updating Maven Dependencies"        [_thread_blocked, id=3988, stack(0x000000c2aef00000,0x000000c2af000000) (1024K)]
  0x000001f55df03690 JavaThread "Worker-4: Repository registry initialization"        [_thread_in_Java, id=3920, stack(0x000000c2af000000,0x000000c2af100000) (1024K)]
  0x000001f55df05760 JavaThread "Worker-5"                          [_thread_blocked, id=25640, stack(0x000000c2af100000,0x000000c2af200000) (1024K)]
  0x000001f55fd81c90 JavaThread "Worker-6"                          [_thread_blocked, id=26476, stack(0x000000c2af200000,0x000000c2af300000) (1024K)]
  0x000001f55fd808e0 JavaThread "Thread-2"                   daemon [_thread_in_native, id=17772, stack(0x000000c2af300000,0x000000c2af400000) (1024K)]
  0x000001f55fd81600 JavaThread "Thread-3"                   daemon [_thread_in_native, id=23536, stack(0x000000c2af400000,0x000000c2af500000) (1024K)]
  0x000001f55fd82320 JavaThread "Thread-4"                   daemon [_thread_in_native, id=16648, stack(0x000000c2af500000,0x000000c2af600000) (1024K)]
  0x000001f55fd829b0 JavaThread "Thread-5"                   daemon [_thread_in_native, id=3676, stack(0x000000c2af600000,0x000000c2af700000) (1024K)]
  0x000001f55fd83040 JavaThread "Thread-6"                   daemon [_thread_in_native, id=17084, stack(0x000000c2af700000,0x000000c2af800000) (1024K)]
  0x000001f55fd836d0 JavaThread "Thread-7"                   daemon [_thread_in_native, id=6184, stack(0x000000c2af800000,0x000000c2af900000) (1024K)]
  0x000001f55fd83d60 JavaThread "Thread-8"                   daemon [_thread_in_native, id=13340, stack(0x000000c2af900000,0x000000c2afa00000) (1024K)]
  0x000001f55fd843f0 JavaThread "Thread-9"                   daemon [_thread_in_native, id=13176, stack(0x000000c2afa00000,0x000000c2afb00000) (1024K)]
  0x000001f55fd80f70 JavaThread "Thread-10"                  daemon [_thread_in_native, id=25932, stack(0x000000c2afb00000,0x000000c2afc00000) (1024K)]
  0x000001f55fd871e0 JavaThread "pool-2-thread-1"                   [_thread_blocked, id=25344, stack(0x000000c2afc00000,0x000000c2afd00000) (1024K)]
  0x000001f55fd87f00 JavaThread "WorkspaceEventsHandler"            [_thread_blocked, id=10968, stack(0x000000c2afd00000,0x000000c2afe00000) (1024K)]
  0x000001f55fd85e30 JavaThread "pool-1-thread-1"                   [_thread_blocked, id=8300, stack(0x000000c2afe00000,0x000000c2aff00000) (1024K)]
Total: 41

Other Threads:
  0x000001f57fceebe0 VMThread "VM Thread"                           [id=25892, stack(0x000000c2acc00000,0x000000c2acd00000) (1024K)]
  0x000001f515b8ca00 WatcherThread "VM Periodic Task Thread"        [id=26620, stack(0x000000c2acb00000,0x000000c2acc00000) (1024K)]
  0x000001f57fc4c3c0 WorkerThread "GC Thread#0"                     [id=3928, stack(0x000000c2aca00000,0x000000c2acb00000) (1024K)]
  0x000001f55d443540 WorkerThread "GC Thread#1"                     [id=22228, stack(0x000000c2ad800000,0x000000c2ad900000) (1024K)]
  0x000001f55d4438e0 WorkerThread "GC Thread#2"                     [id=22216, stack(0x000000c2ad900000,0x000000c2ada00000) (1024K)]
  0x000001f55d443c80 WorkerThread "GC Thread#3"                     [id=24716, stack(0x000000c2ada00000,0x000000c2adb00000) (1024K)]
  0x000001f55d444020 WorkerThread "GC Thread#4"                     [id=13492, stack(0x000000c2adb00000,0x000000c2adc00000) (1024K)]
  0x000001f55d509f20 WorkerThread "GC Thread#5"                     [id=16144, stack(0x000000c2adc00000,0x000000c2add00000) (1024K)]
  0x000001f55d50a2c0 WorkerThread "GC Thread#6"                     [id=8948, stack(0x000000c2add00000,0x000000c2ade00000) (1024K)]
  0x000001f55d60f6f0 WorkerThread "GC Thread#7"                     [id=24992, stack(0x000000c2ae000000,0x000000c2ae100000) (1024K)]
Total: 10

Threads with active compile tasks:
C2 CompilerThread0  12333 4715   !   4       org.eclipse.osgi.internal.loader.classpath.ClasspathManager::findLocalClass (210 bytes)
C1 CompilerThread0  12334 5341   !   2       sun.reflect.annotation.AnnotationParser::parseAnnotation2 (275 bytes)
C2 CompilerThread1  12334 4535   !   4       org.eclipse.osgi.internal.loader.classpath.ClasspathManager::findClassImpl (343 bytes)
C2 CompilerThread2  12334 4738       4       org.eclipse.osgi.internal.serviceregistry.ServiceRegistry::notifyHooksPrivileged (57 bytes)
Total: 4

VM state: not at safepoint (normal execution)

VM Mutex/Monitor currently owned by a thread: None

Heap address: 0x00000000c0000000, size: 1024 MB, Compressed Oops mode: 32-bit

CDS archive(s) mapped at: [0x000001f516000000-0x000001f516ba0000-0x000001f516ba0000), size 12189696, SharedBaseAddress: 0x000001f516000000, ArchiveRelocationMode: 1.
Compressed class space mapped at: 0x000001f517000000-0x000001f557000000, reserved size: 1073741824
Narrow klass base: 0x000001f516000000, Narrow klass shift: 0, Narrow klass range: 0x100000000

GC Precious Log:
 CardTable entry size: 512
 CPUs: 8 total, 8 available
 Memory: 8023M
 Large Page Support: Disabled
 NUMA Support: Disabled
 Compressed Oops: Enabled (32-bit)
 Alignments: Space 512K, Generation 512K, Heap 2M
 Heap Min Capacity: 100M
 Heap Initial Capacity: 100M
 Heap Max Capacity: 1G
 Pre-touch: Disabled
 Parallel Workers: 8

Heap:
 PSYoungGen      total 23552K, used 18938K [0x00000000eab00000, 0x00000000ec400000, 0x0000000100000000)
  eden space 22016K, 81% used [0x00000000eab00000,0x00000000ebc74490,0x00000000ec080000)
  from space 1536K, 69% used [0x00000000ec200000,0x00000000ec30a6f0,0x00000000ec380000)
  to   space 512K, 0% used [0x00000000ec380000,0x00000000ec380000,0x00000000ec400000)
 ParOldGen       total 68608K, used 19995K [0x00000000c0000000, 0x00000000c4300000, 0x00000000eab00000)
  object space 68608K, 29% used [0x00000000c0000000,0x00000000c1386f20,0x00000000c4300000)
 Metaspace       used 41514K, committed 42688K, reserved 1114112K
  class space    used 4337K, committed 4864K, reserved 1048576K

Card table byte_map: [0x000001f513540000,0x000001f513750000] _byte_map_base: 0x000001f512f40000

Marking Bits: (ParMarkBitMap*) 0x00007ffb01f531f0
 Begin Bits: [0x000001f5138b0000, 0x000001f5148b0000)
 End Bits:   [0x000001f5148b0000, 0x000001f5158b0000)

Polling page: 0x000001f57f630000

Metaspace:

Usage:
  Non-class:     36.31 MB used.
      Class:      4.24 MB used.
       Both:     40.54 MB used.

Virtual space:
  Non-class space:       64.00 MB reserved,      36.94 MB ( 58%) committed,  1 nodes.
      Class space:        1.00 GB reserved,       4.75 MB ( <1%) committed,  1 nodes.
             Both:        1.06 GB reserved,      41.69 MB (  4%) committed. 

Chunk freelists:
   Non-Class:  10.22 MB
       Class:  11.11 MB
        Both:  21.33 MB

MaxMetaspaceSize: unlimited
CompressedClassSpaceSize: 1.00 GB
Initial GC threshold: 21.00 MB
Current GC threshold: 58.38 MB
CDS: on
 - commit_granule_bytes: 65536.
 - commit_granule_words: 8192.
 - virtual_space_node_default_size: 8388608.
 - enlarge_chunks_in_place: 1.
 - use_allocation_guard: 0.


Internal statistics:

num_allocs_failed_limit: 6.
num_arena_births: 756.
num_arena_deaths: 14.
num_vsnodes_births: 2.
num_vsnodes_deaths: 0.
num_space_committed: 667.
num_space_uncommitted: 0.
num_chunks_returned_to_freelist: 20.
num_chunks_taken_from_freelist: 2375.
num_chunk_merges: 9.
num_chunk_splits: 1503.
num_chunks_enlarged: 899.
num_inconsistent_stats: 0.

CodeHeap 'non-profiled nmethods': size=120000Kb used=2115Kb max_used=2358Kb free=117884Kb
 bounds [0x000001f50c010000, 0x000001f50c280000, 0x000001f513540000]
CodeHeap 'profiled nmethods': size=120000Kb used=9493Kb max_used=9987Kb free=110506Kb
 bounds [0x000001f504540000, 0x000001f504f10000, 0x000001f50ba70000]
CodeHeap 'non-nmethods': size=5760Kb used=1393Kb max_used=1422Kb free=4366Kb
 bounds [0x000001f50ba70000, 0x000001f50bce0000, 0x000001f50c010000]
 total_blobs=5364 nmethods=4671 adapters=599
 compilation: enabled
              stopped_count=0, restarted_count=0
 full_count=0

Compilation events (20 events):
Event: 11.259 Thread 0x000001f515c9e5a0 5290       2       sun.security.provider.SHA5::lf_sigma0 (21 bytes)
Event: 11.259 Thread 0x000001f515c9e5a0 nmethod 5290 0x000001f50457d010 code [0x000001f50457d1c0, 0x000001f50457d320]
Event: 11.259 Thread 0x000001f515c9e5a0 5291       2       sun.security.provider.SHA5::lf_maj (14 bytes)
Event: 11.259 Thread 0x000001f515c9e5a0 nmethod 5291 0x000001f50458f510 code [0x000001f50458f6a0, 0x000001f50458f798]
Event: 11.260 Thread 0x000001f515c9e5a0 5293       2       java.math.BigInteger::testBit (38 bytes)
Event: 11.260 Thread 0x000001f515c9e5a0 nmethod 5293 0x000001f50457cb10 code [0x000001f50457ccc0, 0x000001f50457cee0]
Event: 11.260 Thread 0x000001f515c9e5a0 5294       2       jdk.internal.loader.AbstractClassLoaderValue$Sub::hashCode (19 bytes)
Event: 11.261 Thread 0x000001f515c9e5a0 nmethod 5294 0x000001f50457c710 code [0x000001f50457c8c0, 0x000001f50457ca58]
Event: 11.261 Thread 0x000001f515c9e5a0 5295       2       sun.security.util.math.intpoly.P384OrderField::carryReduce (817 bytes)
Event: 11.261 Thread 0x000001f515c9e5a0 nmethod 5295 0x000001f50457bc90 code [0x000001f50457be40, 0x000001f50457c560]
Event: 11.261 Thread 0x000001f515c9e5a0 5297       2       org.eclipse.sisu.space.asm.ClassReader::readMethod (1061 bytes)
Event: 11.266 Thread 0x000001f515c9e5a0 nmethod 5297 0x000001f50474dc10 code [0x000001f50474e1c0, 0x000001f504750888]
Event: 11.267 Thread 0x000001f515c9e5a0 5296       2       sun.security.util.math.intpoly.P384OrderField::carryReduce0 (3198 bytes)
Event: 11.268 Thread 0x000001f515c9e5a0 nmethod 5296 0x000001f504645110 code [0x000001f5046452e0, 0x000001f504646c18]
Event: 11.268 Thread 0x000001f515c9e5a0 5303       2       sun.security.util.math.intpoly.IntegerPolynomialP384::carryReduce (1300 bytes)
Event: 11.269 Thread 0x000001f515c9e5a0 nmethod 5303 0x000001f504644290 code [0x000001f504644440, 0x000001f504644f90]
Event: 11.269 Thread 0x000001f515c9e5a0 5304       2       sun.security.util.math.intpoly.IntegerPolynomialP384::carryReduce0 (588 bytes)
Event: 11.270 Thread 0x000001f515c9e5a0 nmethod 5304 0x000001f50457b190 code [0x000001f50457b360, 0x000001f50457b968]
Event: 11.270 Thread 0x000001f515c9e5a0 5302       2       sun.security.util.math.intpoly.IntegerPolynomialP384::mult (1879 bytes)
Event: 11.271 Thread 0x000001f515c9e5a0 nmethod 5302 0x000001f504a07210 code [0x000001f504a07420, 0x000001f504a08b00]

GC Heap History (20 events):
Event: 5.753 GC heap before
{Heap before GC invocations=8 (full 1):
 PSYoungGen      total 29184K, used 4439K [0x00000000eab00000, 0x00000000ecd00000, 0x0000000100000000)
  eden space 24576K, 0% used [0x00000000eab00000,0x00000000eab00000,0x00000000ec300000)
  from space 4608K, 96% used [0x00000000ec400000,0x00000000ec855e90,0x00000000ec880000)
  to   space 4608K, 0% used [0x00000000ec880000,0x00000000ec880000,0x00000000ecd00000)
 ParOldGen       total 68608K, used 9635K [0x00000000c0000000, 0x00000000c4300000, 0x00000000eab00000)
  object space 68608K, 14% used [0x00000000c0000000,0x00000000c0968ff8,0x00000000c4300000)
 Metaspace       used 20657K, committed 21504K, reserved 1114112K
  class space    used 2106K, committed 2496K, reserved 1048576K
}
Event: 5.784 GC heap after
{Heap after GC invocations=8 (full 1):
 PSYoungGen      total 29184K, used 0K [0x00000000eab00000, 0x00000000ecd00000, 0x0000000100000000)
  eden space 24576K, 0% used [0x00000000eab00000,0x00000000eab00000,0x00000000ec300000)
  from space 4608K, 0% used [0x00000000ec400000,0x00000000ec400000,0x00000000ec880000)
  to   space 4608K, 0% used [0x00000000ec880000,0x00000000ec880000,0x00000000ecd00000)
 ParOldGen       total 68608K, used 13019K [0x00000000c0000000, 0x00000000c4300000, 0x00000000eab00000)
  object space 68608K, 18% used [0x00000000c0000000,0x00000000c0cb6e48,0x00000000c4300000)
 Metaspace       used 20645K, committed 21504K, reserved 1114112K
  class space    used 2102K, committed 2496K, reserved 1048576K
}
Event: 5.952 GC heap before
{Heap before GC invocations=9 (full 1):
 PSYoungGen      total 29184K, used 24576K [0x00000000eab00000, 0x00000000ecd00000, 0x0000000100000000)
  eden space 24576K, 100% used [0x00000000eab00000,0x00000000ec300000,0x00000000ec300000)
  from space 4608K, 0% used [0x00000000ec400000,0x00000000ec400000,0x00000000ec880000)
  to   space 4608K, 0% used [0x00000000ec880000,0x00000000ec880000,0x00000000ecd00000)
 ParOldGen       total 68608K, used 13019K [0x00000000c0000000, 0x00000000c4300000, 0x00000000eab00000)
  object space 68608K, 18% used [0x00000000c0000000,0x00000000c0cb6e48,0x00000000c4300000)
 Metaspace       used 23084K, committed 23936K, reserved 1114112K
  class space    used 2263K, committed 2624K, reserved 1048576K
}
Event: 5.953 GC heap after
{Heap after GC invocations=9 (full 1):
 PSYoungGen      total 25088K, used 858K [0x00000000eab00000, 0x00000000ec980000, 0x0000000100000000)
  eden space 24064K, 0% used [0x00000000eab00000,0x00000000eab00000,0x00000000ec280000)
  from space 1024K, 83% used [0x00000000ec880000,0x00000000ec956af8,0x00000000ec980000)
  to   space 2560K, 0% used [0x00000000ec480000,0x00000000ec480000,0x00000000ec700000)
 ParOldGen       total 68608K, used 13019K [0x00000000c0000000, 0x00000000c4300000, 0x00000000eab00000)
  object space 68608K, 18% used [0x00000000c0000000,0x00000000c0cb6e48,0x00000000c4300000)
 Metaspace       used 23084K, committed 23936K, reserved 1114112K
  class space    used 2263K, committed 2624K, reserved 1048576K
}
Event: 6.108 GC heap before
{Heap before GC invocations=10 (full 1):
 PSYoungGen      total 25088K, used 24922K [0x00000000eab00000, 0x00000000ec980000, 0x0000000100000000)
  eden space 24064K, 100% used [0x00000000eab00000,0x00000000ec280000,0x00000000ec280000)
  from space 1024K, 83% used [0x00000000ec880000,0x00000000ec956af8,0x00000000ec980000)
  to   space 2560K, 0% used [0x00000000ec480000,0x00000000ec480000,0x00000000ec700000)
 ParOldGen       total 68608K, used 13019K [0x00000000c0000000, 0x00000000c4300000, 0x00000000eab00000)
  object space 68608K, 18% used [0x00000000c0000000,0x00000000c0cb6e48,0x00000000c4300000)
 Metaspace       used 26472K, committed 27328K, reserved 1114112K
  class space    used 2512K, committed 2880K, reserved 1048576K
}
Event: 6.109 GC heap after
{Heap after GC invocations=10 (full 1):
 PSYoungGen      total 26112K, used 2547K [0x00000000eab00000, 0x00000000ec900000, 0x0000000100000000)
  eden space 23552K, 0% used [0x00000000eab00000,0x00000000eab00000,0x00000000ec200000)
  from space 2560K, 99% used [0x00000000ec480000,0x00000000ec6fcf18,0x00000000ec700000)
  to   space 2048K, 0% used [0x00000000ec700000,0x00000000ec700000,0x00000000ec900000)
 ParOldGen       total 68608K, used 13035K [0x00000000c0000000, 0x00000000c4300000, 0x00000000eab00000)
  object space 68608K, 19% used [0x00000000c0000000,0x00000000c0cbae48,0x00000000c4300000)
 Metaspace       used 26472K, committed 27328K, reserved 1114112K
  class space    used 2512K, committed 2880K, reserved 1048576K
}
Event: 6.336 GC heap before
{Heap before GC invocations=11 (full 1):
 PSYoungGen      total 26112K, used 26099K [0x00000000eab00000, 0x00000000ec900000, 0x0000000100000000)
  eden space 23552K, 100% used [0x00000000eab00000,0x00000000ec200000,0x00000000ec200000)
  from space 2560K, 99% used [0x00000000ec480000,0x00000000ec6fcf18,0x00000000ec700000)
  to   space 2048K, 0% used [0x00000000ec700000,0x00000000ec700000,0x00000000ec900000)
 ParOldGen       total 68608K, used 13035K [0x00000000c0000000, 0x00000000c4300000, 0x00000000eab00000)
  object space 68608K, 19% used [0x00000000c0000000,0x00000000c0cbae48,0x00000000c4300000)
 Metaspace       used 28782K, committed 29632K, reserved 1114112K
  class space    used 2714K, committed 3072K, reserved 1048576K
}
Event: 6.339 GC heap after
{Heap after GC invocations=11 (full 1):
 PSYoungGen      total 25088K, used 2016K [0x00000000eab00000, 0x00000000ec980000, 0x0000000100000000)
  eden space 23040K, 0% used [0x00000000eab00000,0x00000000eab00000,0x00000000ec180000)
  from space 2048K, 98% used [0x00000000ec700000,0x00000000ec8f81c8,0x00000000ec900000)
  to   space 4096K, 0% used [0x00000000ec180000,0x00000000ec180000,0x00000000ec580000)
 ParOldGen       total 68608K, used 14400K [0x00000000c0000000, 0x00000000c4300000, 0x00000000eab00000)
  object space 68608K, 20% used [0x00000000c0000000,0x00000000c0e102c0,0x00000000c4300000)
 Metaspace       used 28782K, committed 29632K, reserved 1114112K
  class space    used 2714K, committed 3072K, reserved 1048576K
}
Event: 7.634 GC heap before
{Heap before GC invocations=12 (full 1):
 PSYoungGen      total 25088K, used 25056K [0x00000000eab00000, 0x00000000ec980000, 0x0000000100000000)
  eden space 23040K, 100% used [0x00000000eab00000,0x00000000ec180000,0x00000000ec180000)
  from space 2048K, 98% used [0x00000000ec700000,0x00000000ec8f81c8,0x00000000ec900000)
  to   space 4096K, 0% used [0x00000000ec180000,0x00000000ec180000,0x00000000ec580000)
 ParOldGen       total 68608K, used 14400K [0x00000000c0000000, 0x00000000c4300000, 0x00000000eab00000)
  object space 68608K, 20% used [0x00000000c0000000,0x00000000c0e102c0,0x00000000c4300000)
 Metaspace       used 31835K, committed 32896K, reserved 1114112K
  class space    used 3087K, committed 3520K, reserved 1048576K
}
Event: 7.637 GC heap after
{Heap after GC invocations=12 (full 1):
 PSYoungGen      total 24576K, used 1569K [0x00000000eab00000, 0x00000000ec780000, 0x0000000100000000)
  eden space 22528K, 0% used [0x00000000eab00000,0x00000000eab00000,0x00000000ec100000)
  from space 2048K, 76% used [0x00000000ec180000,0x00000000ec3085a8,0x00000000ec380000)
  to   space 2560K, 0% used [0x00000000ec500000,0x00000000ec500000,0x00000000ec780000)
 ParOldGen       total 68608K, used 16401K [0x00000000c0000000, 0x00000000c4300000, 0x00000000eab00000)
  object space 68608K, 23% used [0x00000000c0000000,0x00000000c1004698,0x00000000c4300000)
 Metaspace       used 31835K, committed 32896K, reserved 1114112K
  class space    used 3087K, committed 3520K, reserved 1048576K
}
Event: 7.768 GC heap before
{Heap before GC invocations=13 (full 1):
 PSYoungGen      total 24576K, used 24097K [0x00000000eab00000, 0x00000000ec780000, 0x0000000100000000)
  eden space 22528K, 100% used [0x00000000eab00000,0x00000000ec100000,0x00000000ec100000)
  from space 2048K, 76% used [0x00000000ec180000,0x00000000ec3085a8,0x00000000ec380000)
  to   space 2560K, 0% used [0x00000000ec500000,0x00000000ec500000,0x00000000ec780000)
 ParOldGen       total 68608K, used 16401K [0x00000000c0000000, 0x00000000c4300000, 0x00000000eab00000)
  object space 68608K, 23% used [0x00000000c0000000,0x00000000c10046c8,0x00000000c4300000)
 Metaspace       used 34393K, committed 35520K, reserved 1114112K
  class space    used 3424K, committed 3904K, reserved 1048576K
}
Event: 9.784 GC heap after
{Heap after GC invocations=13 (full 1):
 PSYoungGen      total 25088K, used 2551K [0x00000000eab00000, 0x00000000ec780000, 0x0000000100000000)
  eden space 22528K, 0% used [0x00000000eab00000,0x00000000eab00000,0x00000000ec100000)
  from space 2560K, 99% used [0x00000000ec500000,0x00000000ec77dce8,0x00000000ec780000)
  to   space 2048K, 0% used [0x00000000ec180000,0x00000000ec180000,0x00000000ec380000)
 ParOldGen       total 68608K, used 18443K [0x00000000c0000000, 0x00000000c4300000, 0x00000000eab00000)
  object space 68608K, 26% used [0x00000000c0000000,0x00000000c1202fd0,0x00000000c4300000)
 Metaspace       used 34393K, committed 35520K, reserved 1114112K
  class space    used 3424K, committed 3904K, reserved 1048576K
}
Event: 9.821 GC heap before
{Heap before GC invocations=14 (full 1):
 PSYoungGen      total 25088K, used 8034K [0x00000000eab00000, 0x00000000ec780000, 0x0000000100000000)
  eden space 22528K, 24% used [0x00000000eab00000,0x00000000eb05ab88,0x00000000ec100000)
  from space 2560K, 99% used [0x00000000ec500000,0x00000000ec77dce8,0x00000000ec780000)
  to   space 2048K, 0% used [0x00000000ec180000,0x00000000ec180000,0x00000000ec380000)
 ParOldGen       total 68608K, used 18443K [0x00000000c0000000, 0x00000000c4300000, 0x00000000eab00000)
  object space 68608K, 26% used [0x00000000c0000000,0x00000000c1202fd0,0x00000000c4300000)
 Metaspace       used 34806K, committed 35840K, reserved 1114112K
  class space    used 3485K, committed 3904K, reserved 1048576K
}
Event: 9.823 GC heap after
{Heap after GC invocations=14 (full 1):
 PSYoungGen      total 24576K, used 704K [0x00000000eab00000, 0x00000000ec600000, 0x0000000100000000)
  eden space 22528K, 0% used [0x00000000eab00000,0x00000000eab00000,0x00000000ec100000)
  from space 2048K, 34% used [0x00000000ec180000,0x00000000ec230000,0x00000000ec380000)
  to   space 2560K, 0% used [0x00000000ec380000,0x00000000ec380000,0x00000000ec600000)
 ParOldGen       total 68608K, used 19723K [0x00000000c0000000, 0x00000000c4300000, 0x00000000eab00000)
  object space 68608K, 28% used [0x00000000c0000000,0x00000000c1342ff0,0x00000000c4300000)
 Metaspace       used 34806K, committed 35840K, reserved 1114112K
  class space    used 3485K, committed 3904K, reserved 1048576K
}
Event: 9.823 GC heap before
{Heap before GC invocations=15 (full 2):
 PSYoungGen      total 24576K, used 704K [0x00000000eab00000, 0x00000000ec600000, 0x0000000100000000)
  eden space 22528K, 0% used [0x00000000eab00000,0x00000000eab00000,0x00000000ec100000)
  from space 2048K, 34% used [0x00000000ec180000,0x00000000ec230000,0x00000000ec380000)
  to   space 2560K, 0% used [0x00000000ec380000,0x00000000ec380000,0x00000000ec600000)
 ParOldGen       total 68608K, used 19723K [0x00000000c0000000, 0x00000000c4300000, 0x00000000eab00000)
  object space 68608K, 28% used [0x00000000c0000000,0x00000000c1342ff0,0x00000000c4300000)
 Metaspace       used 34806K, committed 35840K, reserved 1114112K
  class space    used 3485K, committed 3904K, reserved 1048576K
}
Event: 9.849 GC heap after
{Heap after GC invocations=15 (full 2):
 PSYoungGen      total 24576K, used 0K [0x00000000eab00000, 0x00000000ec600000, 0x0000000100000000)
  eden space 22528K, 0% used [0x00000000eab00000,0x00000000eab00000,0x00000000ec100000)
  from space 2048K, 0% used [0x00000000ec180000,0x00000000ec180000,0x00000000ec380000)
  to   space 2560K, 0% used [0x00000000ec380000,0x00000000ec380000,0x00000000ec600000)
 ParOldGen       total 68608K, used 19069K [0x00000000c0000000, 0x00000000c4300000, 0x00000000eab00000)
  object space 68608K, 27% used [0x00000000c0000000,0x00000000c129f718,0x00000000c4300000)
 Metaspace       used 34806K, committed 35840K, reserved 1114112K
  class space    used 3485K, committed 3904K, reserved 1048576K
}
Event: 9.979 GC heap before
{Heap before GC invocations=16 (full 2):
 PSYoungGen      total 24576K, used 22528K [0x00000000eab00000, 0x00000000ec600000, 0x0000000100000000)
  eden space 22528K, 100% used [0x00000000eab00000,0x00000000ec100000,0x00000000ec100000)
  from space 2048K, 0% used [0x00000000ec180000,0x00000000ec180000,0x00000000ec380000)
  to   space 2560K, 0% used [0x00000000ec380000,0x00000000ec380000,0x00000000ec600000)
 ParOldGen       total 68608K, used 19290K [0x00000000c0000000, 0x00000000c4300000, 0x00000000eab00000)
  object space 68608K, 28% used [0x00000000c0000000,0x00000000c12d6838,0x00000000c4300000)
 Metaspace       used 38332K, committed 39488K, reserved 1114112K
  class space    used 3922K, committed 4416K, reserved 1048576K
}
Event: 9.982 GC heap after
{Heap after GC invocations=16 (full 2):
 PSYoungGen      total 23552K, used 1209K [0x00000000eab00000, 0x00000000ec500000, 0x0000000100000000)
  eden space 22016K, 0% used [0x00000000eab00000,0x00000000eab00000,0x00000000ec080000)
  from space 1536K, 78% used [0x00000000ec380000,0x00000000ec4ae508,0x00000000ec500000)
  to   space 1536K, 0% used [0x00000000ec200000,0x00000000ec200000,0x00000000ec380000)
 ParOldGen       total 68608K, used 19298K [0x00000000c0000000, 0x00000000c4300000, 0x00000000eab00000)
  object space 68608K, 28% used [0x00000000c0000000,0x00000000c12d8838,0x00000000c4300000)
 Metaspace       used 38332K, committed 39488K, reserved 1114112K
  class space    used 3922K, committed 4416K, reserved 1048576K
}
Event: 11.132 GC heap before
{Heap before GC invocations=17 (full 2):
 PSYoungGen      total 23552K, used 23225K [0x00000000eab00000, 0x00000000ec500000, 0x0000000100000000)
  eden space 22016K, 100% used [0x00000000eab00000,0x00000000ec080000,0x00000000ec080000)
  from space 1536K, 78% used [0x00000000ec380000,0x00000000ec4ae508,0x00000000ec500000)
  to   space 1536K, 0% used [0x00000000ec200000,0x00000000ec200000,0x00000000ec380000)
 ParOldGen       total 68608K, used 19298K [0x00000000c0000000, 0x00000000c4300000, 0x00000000eab00000)
  object space 68608K, 28% used [0x00000000c0000000,0x00000000c12d8838,0x00000000c4300000)
 Metaspace       used 40227K, committed 41344K, reserved 1114112K
  class space    used 4187K, committed 4672K, reserved 1048576K
}
Event: 11.135 GC heap after
{Heap after GC invocations=17 (full 2):
 PSYoungGen      total 23552K, used 1065K [0x00000000eab00000, 0x00000000ec400000, 0x0000000100000000)
  eden space 22016K, 0% used [0x00000000eab00000,0x00000000eab00000,0x00000000ec080000)
  from space 1536K, 69% used [0x00000000ec200000,0x00000000ec30a6f0,0x00000000ec380000)
  to   space 512K, 0% used [0x00000000ec380000,0x00000000ec380000,0x00000000ec400000)
 ParOldGen       total 68608K, used 19995K [0x00000000c0000000, 0x00000000c4300000, 0x00000000eab00000)
  object space 68608K, 29% used [0x00000000c0000000,0x00000000c1386f20,0x00000000c4300000)
 Metaspace       used 40227K, committed 41344K, reserved 1114112K
  class space    used 4187K, committed 4672K, reserved 1048576K
}

Dll operation events (12 events):
Event: 0.019 Loaded shared library c:\Users\97798\.vscode\extensions\redhat.java-1.42.0-win32-x64\jre\21.0.7-win32-x86_64\bin\java.dll
Event: 0.133 Loaded shared library c:\Users\97798\.vscode\extensions\redhat.java-1.42.0-win32-x64\jre\21.0.7-win32-x86_64\bin\zip.dll
Event: 0.160 Loaded shared library C:\Users\97798\.vscode\extensions\redhat.java-1.42.0-win32-x64\jre\21.0.7-win32-x86_64\bin\instrument.dll
Event: 0.166 Loaded shared library C:\Users\97798\.vscode\extensions\redhat.java-1.42.0-win32-x64\jre\21.0.7-win32-x86_64\bin\net.dll
Event: 0.168 Loaded shared library C:\Users\97798\.vscode\extensions\redhat.java-1.42.0-win32-x64\jre\21.0.7-win32-x86_64\bin\nio.dll
Event: 0.172 Loaded shared library C:\Users\97798\.vscode\extensions\redhat.java-1.42.0-win32-x64\jre\21.0.7-win32-x86_64\bin\zip.dll
Event: 0.204 Loaded shared library C:\Users\97798\.vscode\extensions\redhat.java-1.42.0-win32-x64\jre\21.0.7-win32-x86_64\bin\jimage.dll
Event: 0.391 Loaded shared library c:\Users\97798\.vscode\extensions\redhat.java-1.42.0-win32-x64\jre\21.0.7-win32-x86_64\bin\verify.dll
Event: 2.698 Loaded shared library C:\Users\97798\AppData\Roaming\Code\User\globalStorage\redhat.java\1.42.0\config_win\org.eclipse.equinox.launcher\org.eclipse.equinox.launcher.win32.win32.x86_64_1.2.1300.v20250331-1702\eclipse_11911.dll
Event: 5.017 Loaded shared library C:\Users\97798\AppData\Local\Temp\jna-54333880\jna6457015279050249437.dll
Event: 9.901 Loaded shared library C:\Users\97798\.vscode\extensions\redhat.java-1.42.0-win32-x64\jre\21.0.7-win32-x86_64\bin\sunmscapi.dll
Event: 9.958 Loaded shared library C:\Users\97798\.vscode\extensions\redhat.java-1.42.0-win32-x64\jre\21.0.7-win32-x86_64\bin\extnet.dll

Deoptimization events (20 events):
Event: 11.240 Thread 0x000001f55df06b10 DEOPT PACKING pc=0x000001f50c0a7ccc sp=0x000000c2ae8fe2f0
Event: 11.240 Thread 0x000001f55df06b10 DEOPT UNPACKING pc=0x000001f50bac3aa2 sp=0x000000c2ae8fe1a0 mode 2
Event: 11.240 Thread 0x000001f55df06b10 Uncommon trap: trap_request=0xffffff45 fr.pc=0x000001f50c0646a8 relative=0x0000000000000088
Event: 11.240 Thread 0x000001f55df06b10 Uncommon trap: reason=unstable_if action=reinterpret pc=0x000001f50c0646a8 method=java.lang.CharacterDataLatin1.toLowerCase(I)I @ 23 c2
Event: 11.240 Thread 0x000001f55df06b10 DEOPT PACKING pc=0x000001f50c0646a8 sp=0x000000c2ae8fe200
Event: 11.240 Thread 0x000001f55df06b10 DEOPT UNPACKING pc=0x000001f50bac3aa2 sp=0x000000c2ae8fe180 mode 2
Event: 11.240 Thread 0x000001f55df06b10 Uncommon trap: trap_request=0xffffff45 fr.pc=0x000001f50c0d98b4 relative=0x0000000000000854
Event: 11.240 Thread 0x000001f55df06b10 Uncommon trap: reason=unstable_if action=reinterpret pc=0x000001f50c0d98b4 method=java.lang.CharacterDataLatin1.toLowerCase(I)I @ 23 c2
Event: 11.240 Thread 0x000001f55df06b10 DEOPT PACKING pc=0x000001f50c0d98b4 sp=0x000000c2ae8fe200
Event: 11.240 Thread 0x000001f55df06b10 DEOPT UNPACKING pc=0x000001f50bac3aa2 sp=0x000000c2ae8fe130 mode 2
Event: 11.240 Thread 0x000001f55df06b10 Uncommon trap: trap_request=0xffffff45 fr.pc=0x000001f50c01a0cc relative=0x00000000000000ac
Event: 11.240 Thread 0x000001f55df06b10 Uncommon trap: reason=unstable_if action=reinterpret pc=0x000001f50c01a0cc method=java.lang.String.isLatin1()Z @ 10 c2
Event: 11.240 Thread 0x000001f55df06b10 DEOPT PACKING pc=0x000001f50c01a0cc sp=0x000000c2ae8fe580
Event: 11.240 Thread 0x000001f55df06b10 DEOPT UNPACKING pc=0x000001f50bac3aa2 sp=0x000000c2ae8fe4b8 mode 2
Event: 11.244 Thread 0x000001f55df03690 DEOPT PACKING pc=0x000001f504c1f953 sp=0x000000c2af0fde90
Event: 11.244 Thread 0x000001f55df03690 DEOPT UNPACKING pc=0x000001f50bac4242 sp=0x000000c2af0fd300 mode 0
Event: 11.259 Thread 0x000001f55df06b10 Uncommon trap: trap_request=0xffffff45 fr.pc=0x000001f50c0c06f0 relative=0x00000000000000d0
Event: 11.259 Thread 0x000001f55df06b10 Uncommon trap: reason=unstable_if action=reinterpret pc=0x000001f50c0c06f0 method=java.lang.invoke.VarHandle.accessModeType(I)Ljava/lang/invoke/MethodType; @ 26 c2
Event: 11.259 Thread 0x000001f55df06b10 DEOPT PACKING pc=0x000001f50c0c06f0 sp=0x000000c2ae8fdd90
Event: 11.259 Thread 0x000001f55df06b10 DEOPT UNPACKING pc=0x000001f50bac3aa2 sp=0x000000c2ae8fdcc8 mode 2

Classes loaded (20 events):
Event: 11.251 Loading class sun/security/provider/certpath/KeyChecker done
Event: 11.251 Loading class sun/security/provider/certpath/ConstraintsChecker
Event: 11.252 Loading class sun/security/provider/certpath/ConstraintsChecker done
Event: 11.252 Loading class sun/security/provider/certpath/PolicyNodeImpl
Event: 11.252 Loading class java/security/cert/PolicyNode
Event: 11.252 Loading class java/security/cert/PolicyNode done
Event: 11.252 Loading class sun/security/provider/certpath/PolicyNodeImpl done
Event: 11.252 Loading class sun/security/provider/certpath/PolicyChecker
Event: 11.253 Loading class sun/security/provider/certpath/PolicyChecker done
Event: 11.253 Loading class sun/security/provider/certpath/BasicChecker
Event: 11.253 Loading class sun/security/provider/certpath/BasicChecker done
Event: 11.253 Loading class sun/security/provider/certpath/PKIXMasterCertPathValidator
Event: 11.254 Loading class sun/security/provider/certpath/PKIXMasterCertPathValidator done
Event: 11.254 Loading class sun/security/provider/certpath/CertPathConstraintsParameters
Event: 11.254 Loading class sun/security/provider/certpath/CertPathConstraintsParameters done
Event: 11.255 Loading class java/security/interfaces/DSAPublicKey
Event: 11.255 Loading class java/security/interfaces/DSAKey
Event: 11.255 Loading class java/security/interfaces/DSAKey done
Event: 11.255 Loading class java/security/interfaces/DSAPublicKey done
Event: 11.283 Loading class sun/security/util/math/IntegerModuloP$MultiplicativeInverser$Secp256R1Field

Classes unloaded (7 events):
Event: 5.758 Thread 0x000001f57fceebe0 Unloading class 0x000001f51719cc00 'java/lang/invoke/LambdaForm$MH+0x000001f51719cc00'
Event: 5.758 Thread 0x000001f57fceebe0 Unloading class 0x000001f51719c800 'java/lang/invoke/LambdaForm$MH+0x000001f51719c800'
Event: 5.758 Thread 0x000001f57fceebe0 Unloading class 0x000001f51719c400 'java/lang/invoke/LambdaForm$MH+0x000001f51719c400'
Event: 5.758 Thread 0x000001f57fceebe0 Unloading class 0x000001f51719c000 'java/lang/invoke/LambdaForm$MH+0x000001f51719c000'
Event: 5.758 Thread 0x000001f57fceebe0 Unloading class 0x000001f51719bc00 'java/lang/invoke/LambdaForm$BMH+0x000001f51719bc00'
Event: 5.758 Thread 0x000001f57fceebe0 Unloading class 0x000001f51719b800 'java/lang/invoke/LambdaForm$DMH+0x000001f51719b800'
Event: 5.758 Thread 0x000001f57fceebe0 Unloading class 0x000001f51719a400 'java/lang/invoke/LambdaForm$DMH+0x000001f51719a400'

Classes redefined (0 events):
No events

Internal exceptions (20 events):
Event: 7.591 Thread 0x000001f55df03690 Exception <a 'java/lang/NoSuchMethodError'{0x00000000ebb603a8}: 'int java.lang.invoke.DirectMethodHandle$Holder.invokeVirtual(java.lang.Object, java.lang.Object, java.lang.Object)'> (0x00000000ebb603a8) 
thrown [s\src\hotspot\share\interpreter\linkResolver.cpp, line 773]
Event: 7.591 Thread 0x000001f57fc2e090 Exception <a 'java/lang/NoSuchMethodError'{0x00000000ebb591f8}: 'java.lang.Object java.lang.invoke.DirectMethodHandle$Holder.newInvokeSpecial(java.lang.Object, long)'> (0x00000000ebb591f8) 
thrown [s\src\hotspot\share\interpreter\linkResolver.cpp, line 773]
Event: 7.591 Thread 0x000001f55df03690 Exception <a 'java/lang/NoSuchMethodError'{0x00000000ebb64070}: 'int java.lang.invoke.DirectMethodHandle$Holder.invokeStaticInit(java.lang.Object, int, int)'> (0x00000000ebb64070) 
thrown [s\src\hotspot\share\interpreter\linkResolver.cpp, line 773]
Event: 7.592 Thread 0x000001f55df03690 Exception <a 'java/lang/NoSuchMethodError'{0x00000000ebb89ab0}: 'int java.lang.invoke.DirectMethodHandle$Holder.invokeStaticInit(java.lang.Object, long, long)'> (0x00000000ebb89ab0) 
thrown [s\src\hotspot\share\interpreter\linkResolver.cpp, line 773]
Event: 7.593 Thread 0x000001f55df03690 Exception <a 'java/lang/NoSuchMethodError'{0x00000000ebb90198}: 'int java.lang.invoke.DirectMethodHandle$Holder.invokeStaticInit(java.lang.Object, float, float)'> (0x00000000ebb90198) 
thrown [s\src\hotspot\share\interpreter\linkResolver.cpp, line 773]
Event: 7.594 Thread 0x000001f55df03690 Exception <a 'java/lang/NoSuchMethodError'{0x00000000ebb96878}: 'int java.lang.invoke.DirectMethodHandle$Holder.invokeStaticInit(java.lang.Object, double, double)'> (0x00000000ebb96878) 
thrown [s\src\hotspot\share\interpreter\linkResolver.cpp, line 773]
Event: 7.594 Thread 0x000001f55df03690 Exception <a 'java/lang/NoSuchMethodError'{0x00000000ebbe6950}: 'int java.lang.invoke.DirectMethodHandle$Holder.invokeStatic(java.lang.Object, long)'> (0x00000000ebbe6950) 
thrown [s\src\hotspot\share\interpreter\linkResolver.cpp, line 773]
Event: 7.600 Thread 0x000001f55df03690 Exception <a 'java/lang/NoSuchMethodError'{0x00000000ebc9fe40}: 'int java.lang.invoke.Invokers$Holder.linkToTargetMethod(java.lang.Object, java.lang.Object)'> (0x00000000ebc9fe40) 
thrown [s\src\hotspot\share\interpreter\linkResolver.cpp, line 773]
Event: 7.605 Thread 0x000001f55df06480 Exception <a 'java/lang/NoSuchMethodError'{0x00000000ebdeb998}: 'int java.lang.invoke.DirectMethodHandle$Holder.invokeSpecial(java.lang.Object, java.lang.Object, java.lang.Object, java.lang.Object)'> (0x00000000ebdeb998) 
thrown [s\src\hotspot\share\interpreter\linkResolver.cpp, line 773]
Event: 7.608 Thread 0x000001f55df06480 Exception <a 'java/lang/NoSuchMethodError'{0x00000000ebe24818}: 'java.lang.Object java.lang.invoke.DirectMethodHandle$Holder.invokeStatic(java.lang.Object, int, java.lang.Object, java.lang.Object)'> (0x00000000ebe24818) 
thrown [s\src\hotspot\share\interpreter\linkResolver.cpp, line 773]
Event: 7.608 Thread 0x000001f55df06480 Exception <a 'java/lang/NoSuchMethodError'{0x00000000ebe27ff8}: 'java.lang.Object java.lang.invoke.DelegatingMethodHandle$Holder.delegate(java.lang.Object, int, java.lang.Object, java.lang.Object)'> (0x00000000ebe27ff8) 
thrown [s\src\hotspot\share\interpreter\linkResolver.cpp, line 773]
Event: 7.609 Thread 0x000001f55df06480 Implicit null exception at 0x000001f50c233d84 to 0x000001f50c2340c8
Event: 7.611 Thread 0x000001f55df06480 Exception <a 'java/lang/NoSuchMethodError'{0x00000000ebf0df28}: 'int java.lang.invoke.Invokers$Holder.linkToTargetMethod(java.lang.Object, java.lang.Object, java.lang.Object)'> (0x00000000ebf0df28) 
thrown [s\src\hotspot\share\interpreter\linkResolver.cpp, line 773]
Event: 7.654 Thread 0x000001f55df06b10 Exception <a 'sun/nio/fs/WindowsException'{0x00000000ead723f0}> (0x00000000ead723f0) 
thrown [s\src\hotspot\share\prims\jni.cpp, line 520]
Event: 7.658 Thread 0x000001f55df05df0 Exception <a 'java/io/FileNotFoundException'{0x00000000ead4e5e8}> (0x00000000ead4e5e8) 
thrown [s\src\hotspot\share\prims\jni.cpp, line 520]
Event: 7.675 Thread 0x000001f55df03690 Exception <a 'java/lang/NoSuchMethodError'{0x00000000eaf15e50}: 'java.lang.Object java.lang.invoke.DirectMethodHandle$Holder.invokeSpecialIFC(java.lang.Object, java.lang.Object, java.lang.Object, java.lang.Object)'> (0x00000000eaf15e50) 
thrown [s\src\hotspot\share\interpreter\linkResolver.cpp, line 773]
Event: 9.933 Thread 0x000001f57fc2e090 Exception <a 'java/lang/NoSuchMethodError'{0x00000000eb9b23c0}: 'void java.lang.invoke.DirectMethodHandle$Holder.invokeSpecial(java.lang.Object, java.lang.Object, java.lang.Object, java.lang.Object, java.lang.Object, java.lang.Object)'> (0x00000000eb9b23c0) 
thrown [s\src\hotspot\share\interpreter\linkResolver.cpp, line 773]
Event: 9.934 Thread 0x000001f57fc2e090 Exception <a 'java/lang/IncompatibleClassChangeError'{0x00000000eb9b9bf0}: Found class java.lang.Object, but interface was expected> (0x00000000eb9b9bf0) 
thrown [s\src\hotspot\share\interpreter\linkResolver.cpp, line 840]
Event: 9.935 Thread 0x000001f57fc2e090 Exception <a 'java/lang/IncompatibleClassChangeError'{0x00000000eb9bb978}: Found class java.lang.Object, but interface was expected> (0x00000000eb9bb978) 
thrown [s\src\hotspot\share\interpreter\linkResolver.cpp, line 840]
Event: 11.030 Thread 0x000001f55df03690 Exception <a 'java/lang/NoClassDefFoundError'{0x00000000eb2a2ad0}: javax/enterprise/inject/Typed> (0x00000000eb2a2ad0) 
thrown [s\src\hotspot\share\classfile\systemDictionary.cpp, line 301]

ZGC Phase Switch (0 events):
No events

VM Operations (20 events):
Event: 7.664 Executing VM operation: HandshakeAllThreads (Deoptimize) done
Event: 7.768 Executing VM operation: ParallelGCFailedAllocation (Allocation Failure)
Event: 7.768 Executing VM operation: ParallelGCFailedAllocation (Allocation Failure) done
Event: 7.768 Executing VM operation: ParallelGCSystemGC (GCLocker Initiated GC)
Event: 9.784 Executing VM operation: ParallelGCSystemGC (GCLocker Initiated GC) done
Event: 9.821 Executing VM operation: CollectForMetadataAllocation (Metadata GC Threshold)
Event: 9.849 Executing VM operation: CollectForMetadataAllocation (Metadata GC Threshold) done
Event: 9.934 Executing VM operation: HandshakeAllThreads (Deoptimize)
Event: 9.935 Executing VM operation: HandshakeAllThreads (Deoptimize) done
Event: 9.979 Executing VM operation: ParallelGCFailedAllocation (Allocation Failure)
Event: 9.982 Executing VM operation: ParallelGCFailedAllocation (Allocation Failure) done
Event: 10.982 Executing VM operation: Cleanup
Event: 11.003 Executing VM operation: Cleanup done
Event: 11.016 Executing VM operation: HandshakeAllThreads (Deoptimize)
Event: 11.016 Executing VM operation: HandshakeAllThreads (Deoptimize) done
Event: 11.018 Executing VM operation: HandshakeAllThreads (Deoptimize)
Event: 11.018 Executing VM operation: HandshakeAllThreads (Deoptimize) done
Event: 11.132 Executing VM operation: ParallelGCFailedAllocation (Allocation Failure)
Event: 11.136 Executing VM operation: ParallelGCFailedAllocation (Allocation Failure) done
Event: 12.137 Executing VM operation: Cleanup

Memory protections (0 events):
No events

Nmethod flushes (20 events):
Event: 9.835 Thread 0x000001f57fceebe0 flushing  nmethod 0x000001f504bf3690
Event: 9.835 Thread 0x000001f57fceebe0 flushing  nmethod 0x000001f504c1e510
Event: 9.835 Thread 0x000001f57fceebe0 flushing  nmethod 0x000001f504c1e910
Event: 9.835 Thread 0x000001f57fceebe0 flushing  nmethod 0x000001f504c1f210
Event: 9.835 Thread 0x000001f57fceebe0 flushing  nmethod 0x000001f504c20410
Event: 9.835 Thread 0x000001f57fceebe0 flushing  nmethod 0x000001f504c20c10
Event: 9.835 Thread 0x000001f57fceebe0 flushing  nmethod 0x000001f504c21390
Event: 9.835 Thread 0x000001f57fceebe0 flushing  nmethod 0x000001f504c21d10
Event: 9.835 Thread 0x000001f57fceebe0 flushing  nmethod 0x000001f504c22210
Event: 9.835 Thread 0x000001f57fceebe0 flushing  nmethod 0x000001f504c23d90
Event: 9.835 Thread 0x000001f57fceebe0 flushing  nmethod 0x000001f504c24a90
Event: 9.835 Thread 0x000001f57fceebe0 flushing  nmethod 0x000001f504c25710
Event: 9.835 Thread 0x000001f57fceebe0 flushing  nmethod 0x000001f504c26b10
Event: 9.835 Thread 0x000001f57fceebe0 flushing  nmethod 0x000001f504c27010
Event: 9.835 Thread 0x000001f57fceebe0 flushing  nmethod 0x000001f504c45910
Event: 9.835 Thread 0x000001f57fceebe0 flushing  nmethod 0x000001f504c50910
Event: 9.835 Thread 0x000001f57fceebe0 flushing  nmethod 0x000001f504c59690
Event: 9.835 Thread 0x000001f57fceebe0 flushing  nmethod 0x000001f504c5f490
Event: 9.835 Thread 0x000001f57fceebe0 flushing  nmethod 0x000001f504d0a090
Event: 9.835 Thread 0x000001f57fceebe0 flushing  nmethod 0x000001f504d22590

Events (20 events):
Event: 6.247 Thread 0x000001f55d5ca1e0 Thread added: 0x000001f55df043b0
Event: 6.345 Thread 0x000001f515c9e5a0 Thread added: 0x000001f55d533f30
Event: 7.570 Thread 0x000001f55df06b10 Thread added: 0x000001f55df04a40
Event: 7.572 Thread 0x000001f55df04a40 Thread added: 0x000001f55df06480
Event: 7.572 Thread 0x000001f55df06480 Thread added: 0x000001f55df03690
Event: 7.573 Thread 0x000001f55df03690 Thread added: 0x000001f55df05760
Event: 7.574 Thread 0x000001f55df05760 Thread added: 0x000001f55fd81c90
Event: 7.604 Thread 0x000001f57fc2e090 Thread added: 0x000001f55fd808e0
Event: 7.604 Thread 0x000001f57fc2e090 Thread added: 0x000001f55fd81600
Event: 7.604 Thread 0x000001f57fc2e090 Thread added: 0x000001f55fd82320
Event: 7.604 Thread 0x000001f57fc2e090 Thread added: 0x000001f55fd829b0
Event: 7.605 Thread 0x000001f57fc2e090 Thread added: 0x000001f55fd83040
Event: 7.605 Thread 0x000001f57fc2e090 Thread added: 0x000001f55fd836d0
Event: 7.605 Thread 0x000001f57fc2e090 Thread added: 0x000001f55fd83d60
Event: 7.605 Thread 0x000001f57fc2e090 Thread added: 0x000001f55fd843f0
Event: 7.605 Thread 0x000001f57fc2e090 Thread added: 0x000001f55fd80f70
Event: 7.642 Thread 0x000001f57fc2e090 Thread added: 0x000001f55fd871e0
Event: 9.959 Thread 0x000001f57fc2e090 Thread added: 0x000001f55fd87f00
Event: 9.959 Thread 0x000001f57fc2e090 Thread added: 0x000001f55fd85e30
Event: 11.004 Thread 0x000001f55db8f600 Thread exited: 0x000001f55db8f600


Dynamic libraries:
0x00007ff64d260000 - 0x00007ff64d26e000 	c:\Users\97798\.vscode\extensions\redhat.java-1.42.0-win32-x64\jre\21.0.7-win32-x86_64\bin\java.exe
0x00007ffbae7e0000 - 0x00007ffbaea45000 	C:\WINDOWS\SYSTEM32\ntdll.dll
0x00007ffbad250000 - 0x00007ffbad319000 	C:\WINDOWS\System32\KERNEL32.DLL
0x00007ffbaba70000 - 0x00007ffbabe58000 	C:\WINDOWS\System32\KERNELBASE.dll
0x00007ffbabfe0000 - 0x00007ffbac12b000 	C:\WINDOWS\System32\ucrtbase.dll
0x00007ffb86670000 - 0x00007ffb86688000 	c:\Users\97798\.vscode\extensions\redhat.java-1.42.0-win32-x64\jre\21.0.7-win32-x86_64\bin\jli.dll
0x00007ffb86410000 - 0x00007ffb8642e000 	c:\Users\97798\.vscode\extensions\redhat.java-1.42.0-win32-x64\jre\21.0.7-win32-x86_64\bin\VCRUNTIME140.dll
0x00007ffbac6c0000 - 0x00007ffbac88a000 	C:\WINDOWS\System32\USER32.dll
0x00007ffbac130000 - 0x00007ffbac157000 	C:\WINDOWS\System32\win32u.dll
0x00007ffbad160000 - 0x00007ffbad18b000 	C:\WINDOWS\System32\GDI32.dll
0x00007ffb97ed0000 - 0x00007ffb9816a000 	C:\WINDOWS\WinSxS\amd64_microsoft.windows.common-controls_6595b64144ccf1df_6.0.26100.4202_none_3e0698d4e335f517\COMCTL32.dll
0x00007ffbac610000 - 0x00007ffbac6b9000 	C:\WINDOWS\System32\msvcrt.dll
0x00007ffbab930000 - 0x00007ffbaba67000 	C:\WINDOWS\System32\gdi32full.dll
0x00007ffbac440000 - 0x00007ffbac4e3000 	C:\WINDOWS\System32\msvcp_win.dll
0x00007ffbadd80000 - 0x00007ffbaddb0000 	C:\WINDOWS\System32\IMM32.DLL
0x00007ffba9030000 - 0x00007ffba903c000 	c:\Users\97798\.vscode\extensions\redhat.java-1.42.0-win32-x64\jre\21.0.7-win32-x86_64\bin\vcruntime140_1.dll
0x00007ffb5f4e0000 - 0x00007ffb5f56d000 	c:\Users\97798\.vscode\extensions\redhat.java-1.42.0-win32-x64\jre\21.0.7-win32-x86_64\bin\msvcp140.dll
0x00007ffb012a0000 - 0x00007ffb02030000 	c:\Users\97798\.vscode\extensions\redhat.java-1.42.0-win32-x64\jre\21.0.7-win32-x86_64\bin\server\jvm.dll
0x00007ffbad190000 - 0x00007ffbad243000 	C:\WINDOWS\System32\ADVAPI32.dll
0x00007ffbac960000 - 0x00007ffbaca06000 	C:\WINDOWS\System32\sechost.dll
0x00007ffbadc60000 - 0x00007ffbadd75000 	C:\WINDOWS\System32\RPCRT4.dll
0x00007ffbaccf0000 - 0x00007ffbacd64000 	C:\WINDOWS\System32\WS2_32.dll
0x00007ffbaac50000 - 0x00007ffbaacae000 	C:\WINDOWS\SYSTEM32\POWRPROF.dll
0x00007ffb981a0000 - 0x00007ffb981d5000 	C:\WINDOWS\SYSTEM32\WINMM.dll
0x00007ffba6fa0000 - 0x00007ffba6fab000 	C:\WINDOWS\SYSTEM32\VERSION.dll
0x00007ffbaaa80000 - 0x00007ffbaaa94000 	C:\WINDOWS\SYSTEM32\UMPDC.dll
0x00007ffbaa6c0000 - 0x00007ffbaa6db000 	C:\WINDOWS\SYSTEM32\kernel.appcore.dll
0x00007ffba7290000 - 0x00007ffba729a000 	c:\Users\97798\.vscode\extensions\redhat.java-1.42.0-win32-x64\jre\21.0.7-win32-x86_64\bin\jimage.dll
0x00007ffba90c0000 - 0x00007ffba9301000 	C:\WINDOWS\SYSTEM32\DBGHELP.DLL
0x00007ffbacd70000 - 0x00007ffbad0f5000 	C:\WINDOWS\System32\combase.dll
0x00007ffbad9b0000 - 0x00007ffbada91000 	C:\WINDOWS\System32\OLEAUT32.dll
0x00007ffb87900000 - 0x00007ffb87939000 	C:\WINDOWS\SYSTEM32\dbgcore.DLL
0x00007ffbac3a0000 - 0x00007ffbac439000 	C:\WINDOWS\System32\bcryptPrimitives.dll
0x00007ffb9c9d0000 - 0x00007ffb9c9df000 	c:\Users\97798\.vscode\extensions\redhat.java-1.42.0-win32-x64\jre\21.0.7-win32-x86_64\bin\instrument.dll
0x00007ffb84b70000 - 0x00007ffb84b8f000 	c:\Users\97798\.vscode\extensions\redhat.java-1.42.0-win32-x64\jre\21.0.7-win32-x86_64\bin\java.dll
0x00007ffbadfd0000 - 0x00007ffbae712000 	C:\WINDOWS\System32\SHELL32.dll
0x00007ffbac220000 - 0x00007ffbac394000 	C:\WINDOWS\System32\wintypes.dll
0x00007ffba9570000 - 0x00007ffba9dc7000 	C:\WINDOWS\SYSTEM32\windows.storage.dll
0x00007ffbacbf0000 - 0x00007ffbacce1000 	C:\WINDOWS\System32\SHCORE.dll
0x00007ffbac580000 - 0x00007ffbac5ea000 	C:\WINDOWS\System32\shlwapi.dll
0x00007ffbab840000 - 0x00007ffbab86f000 	C:\WINDOWS\SYSTEM32\profapi.dll
0x00007ffb82b60000 - 0x00007ffb82b78000 	c:\Users\97798\.vscode\extensions\redhat.java-1.42.0-win32-x64\jre\21.0.7-win32-x86_64\bin\zip.dll
0x00007ffba7220000 - 0x00007ffba7230000 	C:\Users\97798\.vscode\extensions\redhat.java-1.42.0-win32-x64\jre\21.0.7-win32-x86_64\bin\net.dll
0x00007ffba3e10000 - 0x00007ffba3f2e000 	C:\WINDOWS\SYSTEM32\WINHTTP.dll
0x00007ffbaad80000 - 0x00007ffbaadea000 	C:\WINDOWS\system32\mswsock.dll
0x00007ffb7f7b0000 - 0x00007ffb7f7c6000 	C:\Users\97798\.vscode\extensions\redhat.java-1.42.0-win32-x64\jre\21.0.7-win32-x86_64\bin\nio.dll
0x00007ffb9c670000 - 0x00007ffb9c680000 	c:\Users\97798\.vscode\extensions\redhat.java-1.42.0-win32-x64\jre\21.0.7-win32-x86_64\bin\verify.dll
0x00007ffb6aea0000 - 0x00007ffb6aee5000 	C:\Users\97798\AppData\Roaming\Code\User\globalStorage\redhat.java\1.42.0\config_win\org.eclipse.equinox.launcher\org.eclipse.equinox.launcher.win32.win32.x86_64_1.2.1300.v20250331-1702\eclipse_11911.dll
0x00007ffbadaa0000 - 0x00007ffbadc3e000 	C:\WINDOWS\System32\ole32.dll
0x00007ffbab030000 - 0x00007ffbab04b000 	C:\WINDOWS\SYSTEM32\CRYPTSP.dll
0x00007ffbaa620000 - 0x00007ffbaa65a000 	C:\WINDOWS\system32\rsaenh.dll
0x00007ffbaae20000 - 0x00007ffbaae4b000 	C:\WINDOWS\SYSTEM32\USERENV.dll
0x00007ffbab810000 - 0x00007ffbab836000 	C:\WINDOWS\SYSTEM32\bcrypt.dll
0x00007ffbab050000 - 0x00007ffbab05c000 	C:\WINDOWS\SYSTEM32\CRYPTBASE.dll
0x00007ffbaa0c0000 - 0x00007ffbaa0f3000 	C:\WINDOWS\SYSTEM32\IPHLPAPI.DLL
0x00007ffbadf10000 - 0x00007ffbadf1a000 	C:\WINDOWS\System32\NSI.dll
0x00007ffb6a8c0000 - 0x00007ffb6a909000 	C:\Users\97798\AppData\Local\Temp\jna-54333880\jna6457015279050249437.dll
0x00007ffbadef0000 - 0x00007ffbadef8000 	C:\WINDOWS\System32\PSAPI.DLL
0x00007ffba4680000 - 0x00007ffba469f000 	C:\WINDOWS\SYSTEM32\dhcpcsvc6.DLL
0x00007ffba4650000 - 0x00007ffba4675000 	C:\WINDOWS\SYSTEM32\dhcpcsvc.DLL
0x00007ffb9e260000 - 0x00007ffb9e26e000 	C:\Users\97798\.vscode\extensions\redhat.java-1.42.0-win32-x64\jre\21.0.7-win32-x86_64\bin\sunmscapi.dll
0x00007ffbabe60000 - 0x00007ffbabfd7000 	C:\WINDOWS\System32\CRYPT32.dll
0x00007ffbab250000 - 0x00007ffbab280000 	C:\WINDOWS\SYSTEM32\ncrypt.dll
0x00007ffbab200000 - 0x00007ffbab23f000 	C:\WINDOWS\SYSTEM32\NTASN1.dll
0x00007ffbaa150000 - 0x00007ffbaa277000 	C:\WINDOWS\SYSTEM32\DNSAPI.dll
0x00007ffb9c520000 - 0x00007ffb9c52b000 	C:\Windows\System32\rasadhlp.dll
0x00007ffba2240000 - 0x00007ffba22c6000 	C:\WINDOWS\System32\fwpuclnt.dll
0x00007ffb9ca30000 - 0x00007ffb9ca39000 	C:\Users\97798\.vscode\extensions\redhat.java-1.42.0-win32-x64\jre\21.0.7-win32-x86_64\bin\extnet.dll

dbghelp: loaded successfully - version: 4.0.5 - missing functions: none
symbol engine: initialized successfully - sym options: 0x614 - pdb path: .;c:\Users\97798\.vscode\extensions\redhat.java-1.42.0-win32-x64\jre\21.0.7-win32-x86_64\bin;C:\WINDOWS\SYSTEM32;C:\WINDOWS\WinSxS\amd64_microsoft.windows.common-controls_6595b64144ccf1df_6.0.26100.4202_none_3e0698d4e335f517;c:\Users\97798\.vscode\extensions\redhat.java-1.42.0-win32-x64\jre\21.0.7-win32-x86_64\bin\server;C:\Users\97798\AppData\Roaming\Code\User\globalStorage\redhat.java\1.42.0\config_win\org.eclipse.equinox.launcher\org.eclipse.equinox.launcher.win32.win32.x86_64_1.2.1300.v20250331-1702;C:\Users\97798\AppData\Local\Temp\jna-54333880

VM Arguments:
jvm_args: --add-modules=ALL-SYSTEM --add-opens=java.base/java.util=ALL-UNNAMED --add-opens=java.base/java.lang=ALL-UNNAMED --add-opens=java.base/sun.nio.fs=ALL-UNNAMED -Declipse.application=org.eclipse.jdt.ls.core.id1 -Dosgi.bundles.defaultStartLevel=4 -Declipse.product=org.eclipse.jdt.ls.core.product -Djava.import.generatesMetadataFilesAtProjectRoot=false -DDetectVMInstallationsJob.disabled=true -Dfile.encoding=utf8 -XX:+UseParallelGC -XX:GCTimeRatio=4 -XX:AdaptiveSizePolicyWeight=90 -Dsun.zip.disableMemoryMapping=true -Xmx1G -Xms100m -Xlog:disable -javaagent:c:\Users\97798\.vscode\extensions\redhat.java-1.42.0-win32-x64\lombok\lombok-1.18.36.jar -XX:+HeapDumpOnOutOfMemoryError -XX:HeapDumpPath=c:\Users\97798\AppData\Roaming\Code\User\workspaceStorage\8c12a243f1738ada56549514a20a05f8\redhat.java -Daether.dependencyCollector.impl=bf 
java_command: c:\Users\97798\.vscode\extensions\redhat.java-1.42.0-win32-x64\server\plugins\org.eclipse.equinox.launcher_1.7.0.v20250424-1814.jar -configuration c:\Users\97798\AppData\Roaming\Code\User\globalStorage\redhat.java\1.42.0\config_win -data c:\Users\97798\AppData\Roaming\Code\User\workspaceStorage\8c12a243f1738ada56549514a20a05f8\redhat.java\jdt_ws --pipe=\\.\pipe\lsp-60ace1b15cfafe94b04aac30a71bcf98-sock
java_class_path (initial): c:\Users\97798\.vscode\extensions\redhat.java-1.42.0-win32-x64\server\plugins\org.eclipse.equinox.launcher_1.7.0.v20250424-1814.jar
Launcher Type: SUN_STANDARD

[Global flags]
    uintx AdaptiveSizePolicyWeight                 = 90                                        {product} {command line}
     intx CICompilerCount                          = 4                                         {product} {ergonomic}
    uintx GCTimeRatio                              = 4                                         {product} {command line}
     bool HeapDumpOnOutOfMemoryError               = true                                   {manageable} {command line}
    ccstr HeapDumpPath                             = c:\Users\97798\AppData\Roaming\Code\User\workspaceStorage\8c12a243f1738ada56549514a20a05f8\redhat.java         {manageable} {command line}
   size_t InitialHeapSize                          = 104857600                                 {product} {command line}
   size_t MaxHeapSize                              = 1073741824                                {product} {command line}
   size_t MaxNewSize                               = 357564416                                 {product} {ergonomic}
   size_t MinHeapDeltaBytes                        = 524288                                    {product} {ergonomic}
   size_t MinHeapSize                              = 104857600                                 {product} {command line}
   size_t NewSize                                  = 34603008                                  {product} {ergonomic}
    uintx NonNMethodCodeHeapSize                   = 5839372                                {pd product} {ergonomic}
    uintx NonProfiledCodeHeapSize                  = 122909434                              {pd product} {ergonomic}
   size_t OldSize                                  = 70254592                                  {product} {ergonomic}
    uintx ProfiledCodeHeapSize                     = 122909434                              {pd product} {ergonomic}
    uintx ReservedCodeCacheSize                    = 251658240                              {pd product} {ergonomic}
     bool SegmentedCodeCache                       = true                                      {product} {ergonomic}
   size_t SoftMaxHeapSize                          = 1073741824                             {manageable} {ergonomic}
     bool UseCompressedOops                        = true                           {product lp64_product} {ergonomic}
     bool UseLargePagesIndividualAllocation        = false                                  {pd product} {ergonomic}
     bool UseParallelGC                            = true                                      {product} {command line}

Logging:
Log output configuration:
 #0: stdout all=off uptime,level,tags foldmultilines=false
 #1: stderr all=off uptime,level,tags foldmultilines=false

Environment Variables:
JAVA_HOME=C:\Program Files\Java\jdk-17
PATH=C:\Program Files\Common Files\Oracle\Java\javapath;C:\Program Files (x86)\Common Files\Intel\Shared Libraries\redist\intel64\compiler;C:\WINDOWS\system32;C:\WINDOWS;C:\WINDOWS\System32\Wbem;C:\WINDOWS\System32\WindowsPowerShell\v1.0\;C:\WINDOWS\System32\OpenSSH\;C:\Program Files\Intel\WiFi\bin\;C:\Program Files\Common Files\Intel\WirelessCommon\;C:\ProgramData\chocolatey\bin;"C:\MinGW\bin;C:\MinGW\msys\1.0\bin;";C:\Program Files\Git\cmd;C:\Program Files (x86)\NVIDIA Corporation\PhysX\Common;C:\Program Files\NVIDIA Corporation\NVIDIA NvDLISR;C:\Program Files (x86)\GnuWin32\bin;C:\Program Files (x86)\PDFtk\bin\;C:\ProgramData\Microsoft\Windows\Start Menu\Programs\Node.js;C:\flutter\bin;%LOCALAPPDATA%\Android\Sdk\platform-tools;C:\Program Files\nodejs\;C:\Program Files\Java\jdk-17\bin;C:\Users\97798\AppData\Local\Android\Sdk\tools;C:\Users\97798\.console-ninja\.bin;C:\Users\97798\AppData\Local\Microsoft\WindowsApps;C:\Program Files\Intel\WiFi\bin\;C:\Program Files\Common Files\Intel\WirelessCommon\;C:\MinGW\bin;C:\Users\97798\AppData\Local\GitHubDesktop\bin;C:\flutter\bin;C:\Program Files\Java\jdk-17\bin;C:\Users\97798\AppData\Local\Android\Sdk\platform-tools;C:\Users\97798\AppData\Local\Microsoft\WindowsApps;C:\Users\97798\AppData\Roaming\npm;C:\Users\97798\AppData\Local\Programs\Microsoft VS Code\bin;
USERNAME=97798
OS=Windows_NT
PROCESSOR_IDENTIFIER=Intel64 Family 6 Model 165 Stepping 2, GenuineIntel
TMP=C:\Users\97798\AppData\Local\Temp
TEMP=C:\Users\97798\AppData\Local\Temp




Periodic native trim disabled

---------------  S Y S T E M  ---------------

OS:
 Windows 11 , 64 bit Build 26100 (10.0.26100.4202)
OS uptime: 3 days 5:32 hours
Hyper-V role detected

CPU: total 8 (initial active 8) (4 cores per cpu, 2 threads per core) family 6 model 165 stepping 2 microcode 0xea, cx8, cmov, fxsr, ht, mmx, 3dnowpref, sse, sse2, sse3, ssse3, sse4.1, sse4.2, popcnt, lzcnt, tsc, tscinvbit, avx, avx2, aes, erms, clmul, bmi1, bmi2, adx, fma, vzeroupper, clflush, clflushopt, hv, rdtscp, f16c
Processor Information for the first 8 processors :
  Max Mhz: 2496, Current Mhz: 2496, Mhz Limit: 2496

Memory: 4k page, system-wide physical 8023M (646M free)
TotalPageFile size 32599M (AvailPageFile size 4M)
current process WorkingSet (physical memory assigned to process): 209M, peak: 209M
current process commit charge ("private bytes"): 294M, peak: 294M

vm_info: OpenJDK 64-Bit Server VM (21.0.7+6-LTS) for windows-amd64 JRE (21.0.7+6-LTS), built on 2025-04-15T00:00:00Z by "admin" with MS VC++ 17.7 (VS2022)

END.
